<?xml version="1.0" encoding="UTF-8"?><testsuite errors="0" failures="1" name="Testing different request on the BestBuy application" skipped="0" tests="1" time="12.61" timestamp="2022-06-20T21:53:54.186+01:00[Europe/London]"><testcase name="Delete a new product &amp; verify if the product is Deleted"><failure message="1 expectation failed.&#10;Expected status code &lt;200&gt; but was &lt;404&gt;.&#10;" type="java.lang.AssertionError">1 expectation failed.
Expected status code &lt;200&gt; but was &lt;404&gt;.
</failure><system-err>1 expectation failed.
Expected status code &lt;200&gt; but was &lt;404&gt;.
&#13;
io.restassured.internal.ResponseSpecificationImpl.validateResponseIfRequired(ResponseSpecificationImpl.groovy:636)&#13;
io.restassured.internal.ResponseSpecificationImpl.statusCode(ResponseSpecificationImpl.groovy:122)&#13;
io.restassured.internal.ResponseSpecificationImpl.statusCode(ResponseSpecificationImpl.groovy:130)&#13;
io.restassured.internal.ValidatableResponseOptionsImpl.statusCode(ValidatableResponseOptionsImpl.java:117)&#13;
com.localhost.swagger.cucumber.steps.MyStepdefs.iDeleteANewProductByProvidingTheProductId(MyStepdefs.java:65)&#13;
✽.When I delete a new product by providing the productId(product.feature:16)&#13;
</system-err></testcase></testsuite>