<?xml version="1.0" encoding="UTF-8"?><testsuite errors="0" failures="0" name="Testing different request on the BestBuy application" skipped="0" tests="4" time="17.24" timestamp="2022-06-20T21:55:17.826+01:00[Europe/London]"><testcase name="Check if the product application can be accessed by users"/><testcase name="Create a new product &amp; verify if the product is added"/><testcase name="Update a new product &amp; verify if the product is updated"/><testcase name="Delete a new product &amp; verify if the product is Deleted"/></testsuite>