<?xml version="1.0" encoding="UTF-8"?><testsuite errors="0" failures="0" name="Testing different request on the BestBuy application" skipped="0" tests="4" time="16.56" timestamp="2022-06-20T22:22:51.201+01:00[Europe/London]"><testcase name="Check if the store application can be accessed by users"/><testcase name="Create a new store &amp; verify if the store is added"/><testcase name="Update a new store &amp; verify if the store is updated"/><testcase name="Delete a new store &amp; verify if the store is Deleted"/></testsuite>