<?xml version="1.0" encoding="UTF-8"?><testsuite errors="0" failures="0" name="Testing different request on the BestBuy application" skipped="0" tests="4" time="15.71" timestamp="2022-06-20T22:55:04.900+01:00[Europe/London]"><testcase name="Check if the categories application can be accessed by users"/><testcase name="Create a new categories &amp; verify if the categories is added"/><testcase name="Update a new categories &amp; verify if the categories is updated"/><testcase name="Delete a new categories &amp; verify if the categories is Deleted"/></testsuite>