<?xml version="1.0" encoding="UTF-8"?><testsuite errors="0" failures="0" name="Testing different request on the BestBuy application" skipped="0" tests="4" time="15.76" timestamp="2022-06-20T23:27:44.503+01:00[Europe/London]"><testcase name="Check if the services application can be accessed by users"/><testcase name="Create a new services &amp; verify if the services is added"/><testcase name="Update a new services &amp; verify if the services is updated"/><testcase name="Delete a new services &amp; verify if the services is Deleted"/></testsuite>