<?xml version="1.0" encoding="UTF-8"?><testsuite errors="0" failures="1" name="Varrify different request on the BestBuy application" skipped="0" tests="1" time="3.82" timestamp="2022-06-21T01:00:24.871+01:00[Europe/London]"><testcase name="Check if the store application can be accessed by users"><failure message="1 expectation failed.&#10;JSON path data[1].services.storeservices doesn't match.&#10;Expected: map containing [&quot;createdAt&quot;-&gt;ANYTHING]&#10;  Actual: [{createdAt=2016-11-17T17:57:09.414Z, storeId=6, serviceId=1, updatedAt=2016-11-17T17:57:09.414Z}, {createdAt=2016-11-17T17:57:09.414Z, storeId=6, serviceId=2, updatedAt=2016-11-17T17:57:09.414Z}, {createdAt=2016-11-17T17:57:09.414Z, storeId=6, serviceId=3, updatedAt=2016-11-17T17:57:09.414Z}, {createdAt=2016-11-17T17:57:09.414Z, storeId=6, serviceId=4, updatedAt=2016-11-17T17:57:09.414Z}, {createdAt=2016-11-17T17:57:09.414Z, storeId=6, serviceId=5, updatedAt=2016-11-17T17:57:09.414Z}, {createdAt=2016-11-17T17:57:09.414Z, storeId=6, serviceId=7, updatedAt=2016-11-17T17:57:09.414Z}, {createdAt=2016-11-17T17:57:09.414Z, storeId=6, serviceId=9, updatedAt=2016-11-17T17:57:09.414Z}, {createdAt=2016-11-17T17:57:09.414Z, storeId=6, serviceId=10, updatedAt=2016-11-17T17:57:09.414Z}, {createdAt=2016-11-17T17:57:09.414Z, storeId=6, serviceId=12, updatedAt=2016-11-17T17:57:09.414Z}, {createdAt=2016-11-17T17:57:09.414Z, storeId=6, serviceId=18, updatedAt=2016-11-17T17:57:09.414Z}]&#10;" type="java.lang.AssertionError">1 expectation failed.
JSON path data[1].services.storeservices doesn't match.
Expected: map containing ["createdAt"-&gt;ANYTHING]
  Actual: [{createdAt=2016-11-17T17:57:09.414Z, storeId=6, serviceId=1, updatedAt=2016-11-17T17:57:09.414Z}, {createdAt=2016-11-17T17:57:09.414Z, storeId=6, serviceId=2, updatedAt=2016-11-17T17:57:09.414Z}, {createdAt=2016-11-17T17:57:09.414Z, storeId=6, serviceId=3, updatedAt=2016-11-17T17:57:09.414Z}, {createdAt=2016-11-17T17:57:09.414Z, storeId=6, serviceId=4, updatedAt=2016-11-17T17:57:09.414Z}, {createdAt=2016-11-17T17:57:09.414Z, storeId=6, serviceId=5, updatedAt=2016-11-17T17:57:09.414Z}, {createdAt=2016-11-17T17:57:09.414Z, storeId=6, serviceId=7, updatedAt=2016-11-17T17:57:09.414Z}, {createdAt=2016-11-17T17:57:09.414Z, storeId=6, serviceId=9, updatedAt=2016-11-17T17:57:09.414Z}, {createdAt=2016-11-17T17:57:09.414Z, storeId=6, serviceId=10, updatedAt=2016-11-17T17:57:09.414Z}, {createdAt=2016-11-17T17:57:09.414Z, storeId=6, serviceId=12, updatedAt=2016-11-17T17:57:09.414Z}, {createdAt=2016-11-17T17:57:09.414Z, storeId=6, serviceId=18, updatedAt=2016-11-17T17:57:09.414Z}]
</failure><system-err>1 expectation failed.
JSON path data[1].services.storeservices doesn't match.
Expected: map containing ["createdAt"-&gt;ANYTHING]
  Actual: [{createdAt=2016-11-17T17:57:09.414Z, storeId=6, serviceId=1, updatedAt=2016-11-17T17:57:09.414Z}, {createdAt=2016-11-17T17:57:09.414Z, storeId=6, serviceId=2, updatedAt=2016-11-17T17:57:09.414Z}, {createdAt=2016-11-17T17:57:09.414Z, storeId=6, serviceId=3, updatedAt=2016-11-17T17:57:09.414Z}, {createdAt=2016-11-17T17:57:09.414Z, storeId=6, serviceId=4, updatedAt=2016-11-17T17:57:09.414Z}, {createdAt=2016-11-17T17:57:09.414Z, storeId=6, serviceId=5, updatedAt=2016-11-17T17:57:09.414Z}, {createdAt=2016-11-17T17:57:09.414Z, storeId=6, serviceId=7, updatedAt=2016-11-17T17:57:09.414Z}, {createdAt=2016-11-17T17:57:09.414Z, storeId=6, serviceId=9, updatedAt=2016-11-17T17:57:09.414Z}, {createdAt=2016-11-17T17:57:09.414Z, storeId=6, serviceId=10, updatedAt=2016-11-17T17:57:09.414Z}, {createdAt=2016-11-17T17:57:09.414Z, storeId=6, serviceId=12, updatedAt=2016-11-17T17:57:09.414Z}, {createdAt=2016-11-17T17:57:09.414Z, storeId=6, serviceId=18, updatedAt=2016-11-17T17:57:09.414Z}]
&#13;
io.restassured.internal.ResponseSpecificationImpl.validateResponseIfRequired(ResponseSpecificationImpl.groovy:636)&#13;
io.restassured.internal.ResponseSpecificationImpl.content(ResponseSpecificationImpl.groovy:265)&#13;
io.restassured.internal.ResponseSpecificationImpl.body(ResponseSpecificationImpl.groovy:248)&#13;
io.restassured.internal.ValidatableResponseOptionsImpl.body(ValidatableResponseOptionsImpl.java:268)&#13;
com.localhost.swagger.cucumber.steps.MyVarify.userMustCheckHashMapValuesCreatedAtInsideStoreservicesMapWhereStoreNameRoseville(MyVarify.java:74)&#13;
✽.And User must Check hash map values ‘createdAt’ inside storeservices map where store name = Roseville(varify.feature:12)&#13;
</system-err></testcase></testsuite>